2025-06-25 08:19:48,333 - INFO - Directorio de dumps creado: ./mysql_dumps
2025-06-25 08:19:48,333 - INFO - Iniciando programador de dumps cada 5 minutos...
2025-06-25 08:19:48,334 - INFO - Iniciando dump programado...
2025-06-25 08:19:50,468 - ERROR - Error de conexión: 2003 (HY000): Can't connect to MySQL server on 'localhost:3306' (10061)
2025-06-25 08:19:50,471 - ERROR - No se pudo conectar a la base de datos
2025-06-25 08:21:53,375 - INFO - Iniciando programador de dumps cada 5 minutos...
2025-06-25 08:21:53,376 - INFO - Iniciando dump programado...
2025-06-25 08:21:53,529 - INFO - Conexión a MySQL exitosa
2025-06-25 08:21:53,541 - ERROR - Error durante el dump: [WinError 2] El sistema no puede encontrar el archivo especificado
2025-06-25 08:21:53,542 - ERROR - Fallo al crear el dump
2025-06-25 08:24:07,483 - INFO - Iniciando programador de dumps cada 5 minutos...
2025-06-25 08:24:07,483 - INFO - Iniciando dump programado...
2025-06-25 08:24:07,574 - INFO - Conexión a MySQL exitosa
2025-06-25 08:24:07,581 - ERROR - Error durante el dump: [WinError 2] El sistema no puede encontrar el archivo especificado
2025-06-25 08:24:07,581 - ERROR - Fallo al crear el dump
2025-06-25 10:10:50,150 - INFO - Iniciando programador de dumps cada 5 minutos...
2025-06-25 10:10:50,151 - INFO - Iniciando dump programado...
2025-06-25 10:10:52,325 - ERROR - Error de conexión: 2003 (HY000): Can't connect to MySQL server on 'localhost:3306' (10061)
2025-06-25 10:10:52,334 - ERROR - No se pudo conectar a la base de datos
2025-06-25 10:13:10,664 - INFO - Iniciando programador de dumps cada 5 minutos...
2025-06-25 10:13:10,664 - INFO - Iniciando dump programado...
2025-06-25 10:13:10,865 - INFO - Conexión a MySQL exitosa
2025-06-25 10:13:10,878 - ERROR - Error durante el dump: [WinError 2] El sistema no puede encontrar el archivo especificado
2025-06-25 10:13:10,879 - ERROR - Fallo al crear el dump
2025-06-25 10:15:50,649 - INFO - Iniciando dump programado...
2025-06-25 10:15:50,663 - INFO - Conexión a MySQL exitosa
2025-06-25 10:15:50,687 - ERROR - Error durante el dump: [WinError 2] El sistema no puede encontrar el archivo especificado
2025-06-25 10:15:50,687 - ERROR - Fallo al crear el dump
2025-06-25 10:18:11,147 - INFO - Iniciando dump programado...
2025-06-25 10:18:11,153 - INFO - Conexión a MySQL exitosa
2025-06-25 10:18:11,181 - ERROR - Error durante el dump: [WinError 2] El sistema no puede encontrar el archivo especificado
2025-06-25 10:18:11,181 - ERROR - Fallo al crear el dump
2025-06-25 10:20:50,912 - INFO - Iniciando dump programado...
2025-06-25 10:20:50,924 - INFO - Conexión a MySQL exitosa
2025-06-25 10:20:50,935 - ERROR - Error durante el dump: [WinError 2] El sistema no puede encontrar el archivo especificado
2025-06-25 10:20:50,935 - ERROR - Fallo al crear el dump
2025-06-25 10:23:11,712 - INFO - Iniciando dump programado...
2025-06-25 10:23:11,714 - INFO - Conexión a MySQL exitosa
2025-06-25 10:23:11,722 - ERROR - Error durante el dump: [WinError 2] El sistema no puede encontrar el archivo especificado
2025-06-25 10:23:11,727 - ERROR - Fallo al crear el dump
2025-06-25 10:25:51,799 - INFO - Iniciando dump programado...
2025-06-25 10:25:51,801 - INFO - Conexión a MySQL exitosa
2025-06-25 10:25:51,810 - ERROR - Error durante el dump: [WinError 2] El sistema no puede encontrar el archivo especificado
2025-06-25 10:25:51,812 - ERROR - Fallo al crear el dump
2025-06-25 10:28:11,740 - INFO - Iniciando dump programado...
2025-06-25 10:28:11,742 - INFO - Conexión a MySQL exitosa
2025-06-25 10:28:11,751 - ERROR - Error durante el dump: [WinError 2] El sistema no puede encontrar el archivo especificado
2025-06-25 10:28:11,754 - ERROR - Fallo al crear el dump
2025-06-25 10:30:52,044 - INFO - Iniciando dump programado...
2025-06-25 10:30:52,046 - INFO - Conexión a MySQL exitosa
2025-06-25 10:30:52,056 - ERROR - Error durante el dump: [WinError 2] El sistema no puede encontrar el archivo especificado
2025-06-25 10:30:52,056 - ERROR - Fallo al crear el dump
2025-06-25 10:33:12,359 - INFO - Iniciando dump programado...
2025-06-25 10:33:12,361 - INFO - Conexión a MySQL exitosa
2025-06-25 10:33:12,371 - ERROR - Error durante el dump: [WinError 2] El sistema no puede encontrar el archivo especificado
2025-06-25 10:33:12,371 - ERROR - Fallo al crear el dump
2025-06-25 10:35:52,463 - INFO - Iniciando dump programado...
2025-06-25 10:35:52,466 - INFO - Conexión a MySQL exitosa
2025-06-25 10:35:52,473 - ERROR - Error durante el dump: [WinError 2] El sistema no puede encontrar el archivo especificado
2025-06-25 10:35:52,473 - ERROR - Fallo al crear el dump
2025-06-25 10:38:12,777 - INFO - Iniciando dump programado...
2025-06-25 10:38:12,783 - INFO - Conexión a MySQL exitosa
2025-06-25 10:38:12,805 - ERROR - Error durante el dump: [WinError 2] El sistema no puede encontrar el archivo especificado
2025-06-25 10:38:12,806 - ERROR - Fallo al crear el dump
2025-06-25 10:40:52,818 - INFO - Iniciando dump programado...
2025-06-25 10:40:52,822 - INFO - Conexión a MySQL exitosa
2025-06-25 10:40:52,843 - ERROR - Error durante el dump: [WinError 2] El sistema no puede encontrar el archivo especificado
2025-06-25 10:40:52,844 - ERROR - Fallo al crear el dump
2025-06-25 10:43:13,054 - INFO - Iniciando dump programado...
2025-06-25 10:43:13,058 - INFO - Conexión a MySQL exitosa
2025-06-25 10:43:13,079 - ERROR - Error durante el dump: [WinError 2] El sistema no puede encontrar el archivo especificado
2025-06-25 10:43:13,080 - ERROR - Fallo al crear el dump
2025-06-25 10:45:53,156 - INFO - Iniciando dump programado...
2025-06-25 10:45:53,163 - INFO - Conexión a MySQL exitosa
2025-06-25 10:45:53,187 - ERROR - Error durante el dump: [WinError 2] El sistema no puede encontrar el archivo especificado
2025-06-25 10:45:53,188 - ERROR - Fallo al crear el dump
2025-06-25 10:48:13,322 - INFO - Iniciando dump programado...
2025-06-25 10:48:13,324 - INFO - Conexión a MySQL exitosa
2025-06-25 10:48:13,332 - ERROR - Error durante el dump: [WinError 2] El sistema no puede encontrar el archivo especificado
2025-06-25 10:48:13,332 - ERROR - Fallo al crear el dump
2025-06-25 10:50:53,474 - INFO - Iniciando dump programado...
2025-06-25 10:50:53,479 - INFO - Conexión a MySQL exitosa
2025-06-25 10:50:53,498 - ERROR - Error durante el dump: [WinError 2] El sistema no puede encontrar el archivo especificado
2025-06-25 10:50:53,499 - ERROR - Fallo al crear el dump
2025-06-25 10:53:13,629 - INFO - Iniciando dump programado...
2025-06-25 10:53:13,635 - INFO - Conexión a MySQL exitosa
2025-06-25 10:53:13,664 - ERROR - Error durante el dump: [WinError 2] El sistema no puede encontrar el archivo especificado
2025-06-25 10:53:13,681 - ERROR - Fallo al crear el dump
2025-06-25 10:55:53,824 - INFO - Iniciando dump programado...
2025-06-25 10:55:53,831 - INFO - Conexión a MySQL exitosa
2025-06-25 10:55:53,862 - ERROR - Error durante el dump: [WinError 2] El sistema no puede encontrar el archivo especificado
2025-06-25 10:55:53,863 - ERROR - Fallo al crear el dump
2025-06-25 10:58:13,957 - INFO - Iniciando dump programado...
2025-06-25 10:58:13,961 - INFO - Conexión a MySQL exitosa
2025-06-25 10:58:13,979 - ERROR - Error durante el dump: [WinError 2] El sistema no puede encontrar el archivo especificado
2025-06-25 10:58:13,979 - ERROR - Fallo al crear el dump
2025-06-25 11:00:54,088 - INFO - Iniciando dump programado...
2025-06-25 11:00:54,090 - INFO - Conexión a MySQL exitosa
2025-06-25 11:00:54,097 - ERROR - Error durante el dump: [WinError 2] El sistema no puede encontrar el archivo especificado
2025-06-25 11:00:54,098 - ERROR - Fallo al crear el dump
2025-06-25 11:03:14,300 - INFO - Iniciando dump programado...
2025-06-25 11:03:14,302 - INFO - Conexión a MySQL exitosa
2025-06-25 11:03:14,313 - ERROR - Error durante el dump: [WinError 2] El sistema no puede encontrar el archivo especificado
2025-06-25 11:03:14,314 - ERROR - Fallo al crear el dump
2025-06-25 11:05:54,539 - INFO - Iniciando dump programado...
2025-06-25 11:05:54,542 - INFO - Conexión a MySQL exitosa
2025-06-25 11:05:54,553 - ERROR - Error durante el dump: [WinError 2] El sistema no puede encontrar el archivo especificado
2025-06-25 11:05:54,554 - ERROR - Fallo al crear el dump
2025-06-25 11:08:14,638 - INFO - Iniciando dump programado...
2025-06-25 11:08:14,647 - INFO - Conexión a MySQL exitosa
2025-06-25 11:08:14,681 - ERROR - Error durante el dump: [WinError 2] El sistema no puede encontrar el archivo especificado
2025-06-25 11:08:14,683 - ERROR - Fallo al crear el dump
2025-06-25 11:10:54,846 - INFO - Iniciando dump programado...
2025-06-25 11:10:54,850 - INFO - Conexión a MySQL exitosa
2025-06-25 11:10:54,869 - ERROR - Error durante el dump: [WinError 2] El sistema no puede encontrar el archivo especificado
2025-06-25 11:10:54,870 - ERROR - Fallo al crear el dump
2025-06-25 11:13:15,124 - INFO - Iniciando dump programado...
2025-06-25 11:13:15,129 - INFO - Conexión a MySQL exitosa
2025-06-25 11:13:15,140 - ERROR - Error durante el dump: [WinError 2] El sistema no puede encontrar el archivo especificado
2025-06-25 11:13:15,141 - ERROR - Fallo al crear el dump
2025-06-25 11:15:55,258 - INFO - Iniciando dump programado...
2025-06-25 11:15:55,269 - INFO - Conexión a MySQL exitosa
2025-06-25 11:15:55,306 - ERROR - Error durante el dump: [WinError 2] El sistema no puede encontrar el archivo especificado
2025-06-25 11:15:55,306 - ERROR - Fallo al crear el dump
2025-06-25 11:18:15,394 - INFO - Iniciando dump programado...
2025-06-25 11:18:15,405 - INFO - Conexión a MySQL exitosa
2025-06-25 11:18:15,435 - ERROR - Error durante el dump: [WinError 2] El sistema no puede encontrar el archivo especificado
2025-06-25 11:18:15,436 - ERROR - Fallo al crear el dump
2025-06-25 11:20:55,524 - INFO - Iniciando dump programado...
2025-06-25 11:20:55,533 - INFO - Conexión a MySQL exitosa
2025-06-25 11:20:55,568 - ERROR - Error durante el dump: [WinError 2] El sistema no puede encontrar el archivo especificado
2025-06-25 11:20:55,570 - ERROR - Fallo al crear el dump
2025-06-25 11:23:15,649 - INFO - Iniciando dump programado...
2025-06-25 11:23:15,656 - INFO - Conexión a MySQL exitosa
2025-06-25 11:23:15,668 - ERROR - Error durante el dump: [WinError 2] El sistema no puede encontrar el archivo especificado
2025-06-25 11:23:15,668 - ERROR - Fallo al crear el dump
2025-06-25 11:25:55,761 - INFO - Iniciando dump programado...
2025-06-25 11:25:55,817 - INFO - Conexión a MySQL exitosa
2025-06-25 11:25:55,844 - ERROR - Error durante el dump: [WinError 2] El sistema no puede encontrar el archivo especificado
2025-06-25 11:25:55,844 - ERROR - Fallo al crear el dump
2025-06-25 11:28:15,882 - INFO - Iniciando dump programado...
2025-06-25 11:28:15,886 - INFO - Conexión a MySQL exitosa
2025-06-25 11:28:15,894 - ERROR - Error durante el dump: [WinError 2] El sistema no puede encontrar el archivo especificado
2025-06-25 11:28:15,894 - ERROR - Fallo al crear el dump
2025-06-25 11:30:56,046 - INFO - Iniciando dump programado...
2025-06-25 11:30:56,048 - INFO - Conexión a MySQL exitosa
2025-06-25 11:30:56,056 - ERROR - Error durante el dump: [WinError 2] El sistema no puede encontrar el archivo especificado
2025-06-25 11:30:56,056 - ERROR - Fallo al crear el dump
2025-06-25 11:33:16,097 - INFO - Iniciando dump programado...
2025-06-25 11:33:16,105 - INFO - Conexión a MySQL exitosa
2025-06-25 11:33:16,119 - ERROR - Error durante el dump: [WinError 2] El sistema no puede encontrar el archivo especificado
2025-06-25 11:33:16,119 - ERROR - Fallo al crear el dump
2025-06-25 11:35:56,277 - INFO - Iniciando dump programado...
2025-06-25 11:35:56,279 - INFO - Conexión a MySQL exitosa
2025-06-25 11:35:56,287 - ERROR - Error durante el dump: [WinError 2] El sistema no puede encontrar el archivo especificado
2025-06-25 11:35:56,287 - ERROR - Fallo al crear el dump
2025-06-25 11:38:16,399 - INFO - Iniciando dump programado...
2025-06-25 11:38:16,408 - INFO - Conexión a MySQL exitosa
2025-06-25 11:38:16,432 - ERROR - Error durante el dump: [WinError 2] El sistema no puede encontrar el archivo especificado
2025-06-25 11:38:16,433 - ERROR - Fallo al crear el dump
2025-06-25 11:40:56,653 - INFO - Iniciando dump programado...
2025-06-25 11:40:56,655 - INFO - Conexión a MySQL exitosa
2025-06-25 11:40:56,663 - ERROR - Error durante el dump: [WinError 2] El sistema no puede encontrar el archivo especificado
2025-06-25 11:40:56,663 - ERROR - Fallo al crear el dump
2025-06-25 11:43:16,759 - INFO - Iniciando dump programado...
2025-06-25 11:43:16,765 - INFO - Conexión a MySQL exitosa
2025-06-25 11:43:16,793 - ERROR - Error durante el dump: [WinError 2] El sistema no puede encontrar el archivo especificado
2025-06-25 11:43:16,793 - ERROR - Fallo al crear el dump
2025-06-25 11:45:56,893 - INFO - Iniciando dump programado...
2025-06-25 11:45:56,895 - INFO - Conexión a MySQL exitosa
2025-06-25 11:45:56,904 - ERROR - Error durante el dump: [WinError 2] El sistema no puede encontrar el archivo especificado
2025-06-25 11:45:56,904 - ERROR - Fallo al crear el dump
2025-06-25 11:48:17,124 - INFO - Iniciando dump programado...
2025-06-25 11:48:17,129 - INFO - Conexión a MySQL exitosa
2025-06-25 11:48:17,150 - ERROR - Error durante el dump: [WinError 2] El sistema no puede encontrar el archivo especificado
2025-06-25 11:48:17,152 - ERROR - Fallo al crear el dump
2025-06-25 11:50:57,092 - INFO - Iniciando dump programado...
2025-06-25 11:50:57,098 - INFO - Conexión a MySQL exitosa
2025-06-25 11:50:57,132 - ERROR - Error durante el dump: [WinError 2] El sistema no puede encontrar el archivo especificado
2025-06-25 11:50:57,133 - ERROR - Fallo al crear el dump
2025-06-25 11:53:17,370 - INFO - Iniciando dump programado...
2025-06-25 11:53:17,373 - INFO - Conexión a MySQL exitosa
2025-06-25 11:53:17,388 - ERROR - Error durante el dump: [WinError 2] El sistema no puede encontrar el archivo especificado
2025-06-25 11:53:17,388 - ERROR - Fallo al crear el dump
2025-06-25 11:55:57,398 - INFO - Iniciando dump programado...
2025-06-25 11:55:57,401 - INFO - Conexión a MySQL exitosa
2025-06-25 11:55:57,414 - ERROR - Error durante el dump: [WinError 2] El sistema no puede encontrar el archivo especificado
2025-06-25 11:55:57,414 - ERROR - Fallo al crear el dump
2025-06-25 11:58:17,667 - INFO - Iniciando dump programado...
2025-06-25 11:58:17,672 - INFO - Conexión a MySQL exitosa
2025-06-25 11:58:17,695 - ERROR - Error durante el dump: [WinError 2] El sistema no puede encontrar el archivo especificado
2025-06-25 11:58:17,696 - ERROR - Fallo al crear el dump
2025-06-25 12:00:57,726 - INFO - Iniciando dump programado...
2025-06-25 12:00:57,734 - INFO - Conexión a MySQL exitosa
2025-06-25 12:00:57,747 - ERROR - Error durante el dump: [WinError 2] El sistema no puede encontrar el archivo especificado
2025-06-25 12:00:57,747 - ERROR - Fallo al crear el dump
2025-06-25 12:03:18,088 - INFO - Iniciando dump programado...
2025-06-25 12:03:18,093 - INFO - Conexión a MySQL exitosa
2025-06-25 12:03:18,105 - ERROR - Error durante el dump: [WinError 2] El sistema no puede encontrar el archivo especificado
2025-06-25 12:03:18,106 - ERROR - Fallo al crear el dump
2025-06-25 12:05:58,021 - INFO - Iniciando dump programado...
2025-06-25 12:05:58,028 - INFO - Conexión a MySQL exitosa
2025-06-25 12:05:58,052 - ERROR - Error durante el dump: [WinError 2] El sistema no puede encontrar el archivo especificado
2025-06-25 12:05:58,053 - ERROR - Fallo al crear el dump
2025-06-25 12:08:18,384 - INFO - Iniciando dump programado...
2025-06-25 12:08:18,390 - INFO - Conexión a MySQL exitosa
2025-06-25 12:08:18,420 - ERROR - Error durante el dump: [WinError 2] El sistema no puede encontrar el archivo especificado
2025-06-25 12:08:18,421 - ERROR - Fallo al crear el dump
2025-06-25 12:10:58,226 - INFO - Iniciando dump programado...
2025-06-25 12:10:58,231 - INFO - Conexión a MySQL exitosa
2025-06-25 12:10:58,241 - ERROR - Error durante el dump: [WinError 2] El sistema no puede encontrar el archivo especificado
2025-06-25 12:10:58,242 - ERROR - Fallo al crear el dump
2025-06-25 12:13:18,612 - INFO - Iniciando dump programado...
2025-06-25 12:13:18,617 - INFO - Conexión a MySQL exitosa
2025-06-25 12:13:18,646 - ERROR - Error durante el dump: [WinError 2] El sistema no puede encontrar el archivo especificado
2025-06-25 12:13:18,646 - ERROR - Fallo al crear el dump
2025-06-25 12:15:58,450 - INFO - Iniciando dump programado...
2025-06-25 12:15:58,452 - INFO - Conexión a MySQL exitosa
2025-06-25 12:15:58,471 - ERROR - Error durante el dump: [WinError 2] El sistema no puede encontrar el archivo especificado
2025-06-25 12:15:58,471 - ERROR - Fallo al crear el dump
2025-06-25 12:18:18,815 - INFO - Iniciando dump programado...
2025-06-25 12:18:18,822 - INFO - Conexión a MySQL exitosa
2025-06-25 12:18:18,854 - ERROR - Error durante el dump: [WinError 2] El sistema no puede encontrar el archivo especificado
2025-06-25 12:18:18,854 - ERROR - Fallo al crear el dump
2025-06-25 12:20:58,772 - INFO - Iniciando dump programado...
2025-06-25 12:20:58,774 - INFO - Conexión a MySQL exitosa
2025-06-25 12:20:58,782 - ERROR - Error durante el dump: [WinError 2] El sistema no puede encontrar el archivo especificado
2025-06-25 12:20:58,782 - ERROR - Fallo al crear el dump
2025-06-25 12:23:19,098 - INFO - Iniciando dump programado...
2025-06-25 12:23:19,102 - INFO - Conexión a MySQL exitosa
2025-06-25 12:23:19,125 - ERROR - Error durante el dump: [WinError 2] El sistema no puede encontrar el archivo especificado
2025-06-25 12:23:19,125 - ERROR - Fallo al crear el dump
2025-06-25 12:25:59,063 - INFO - Iniciando dump programado...
2025-06-25 12:25:59,065 - INFO - Conexión a MySQL exitosa
2025-06-25 12:25:59,073 - ERROR - Error durante el dump: [WinError 2] El sistema no puede encontrar el archivo especificado
2025-06-25 12:25:59,074 - ERROR - Fallo al crear el dump
2025-06-25 12:28:19,534 - INFO - Iniciando dump programado...
2025-06-25 12:28:19,539 - INFO - Conexión a MySQL exitosa
2025-06-25 12:28:19,570 - ERROR - Error durante el dump: [WinError 2] El sistema no puede encontrar el archivo especificado
2025-06-25 12:28:19,571 - ERROR - Fallo al crear el dump
2025-06-25 12:30:59,348 - INFO - Iniciando dump programado...
2025-06-25 12:30:59,352 - INFO - Conexión a MySQL exitosa
2025-06-25 12:30:59,361 - ERROR - Error durante el dump: [WinError 2] El sistema no puede encontrar el archivo especificado
2025-06-25 12:30:59,362 - ERROR - Fallo al crear el dump
2025-06-25 12:33:19,948 - INFO - Iniciando dump programado...
2025-06-25 12:33:19,955 - INFO - Conexión a MySQL exitosa
2025-06-25 12:33:19,974 - ERROR - Error durante el dump: [WinError 2] El sistema no puede encontrar el archivo especificado
2025-06-25 12:33:19,974 - ERROR - Fallo al crear el dump
2025-06-25 12:35:59,706 - INFO - Iniciando dump programado...
2025-06-25 12:35:59,712 - INFO - Conexión a MySQL exitosa
2025-06-25 12:35:59,733 - ERROR - Error durante el dump: [WinError 2] El sistema no puede encontrar el archivo especificado
2025-06-25 12:35:59,735 - ERROR - Fallo al crear el dump
2025-06-25 12:38:20,292 - INFO - Iniciando dump programado...
2025-06-25 12:38:20,298 - INFO - Conexión a MySQL exitosa
2025-06-25 12:38:20,328 - ERROR - Error durante el dump: [WinError 2] El sistema no puede encontrar el archivo especificado
2025-06-25 12:38:20,329 - ERROR - Fallo al crear el dump
2025-06-25 12:41:00,243 - INFO - Iniciando dump programado...
2025-06-25 12:41:00,248 - INFO - Conexión a MySQL exitosa
2025-06-25 12:41:00,257 - ERROR - Error durante el dump: [WinError 2] El sistema no puede encontrar el archivo especificado
2025-06-25 12:41:00,257 - ERROR - Fallo al crear el dump
2025-06-25 12:43:20,848 - INFO - Iniciando dump programado...
2025-06-25 12:43:20,850 - INFO - Conexión a MySQL exitosa
2025-06-25 12:43:20,858 - ERROR - Error durante el dump: [WinError 2] El sistema no puede encontrar el archivo especificado
2025-06-25 12:43:20,858 - ERROR - Fallo al crear el dump
2025-06-25 12:46:00,759 - INFO - Iniciando dump programado...
2025-06-25 12:46:00,764 - INFO - Conexión a MySQL exitosa
2025-06-25 12:46:00,776 - ERROR - Error durante el dump: [WinError 2] El sistema no puede encontrar el archivo especificado
2025-06-25 12:46:00,777 - ERROR - Fallo al crear el dump
2025-06-25 12:48:21,385 - INFO - Iniciando dump programado...
2025-06-25 12:48:21,387 - INFO - Conexión a MySQL exitosa
2025-06-25 12:48:21,396 - ERROR - Error durante el dump: [WinError 2] El sistema no puede encontrar el archivo especificado
2025-06-25 12:48:21,396 - ERROR - Fallo al crear el dump
2025-06-25 12:51:01,045 - INFO - Iniciando dump programado...
2025-06-25 12:51:01,052 - INFO - Conexión a MySQL exitosa
2025-06-25 12:51:01,076 - ERROR - Error durante el dump: [WinError 2] El sistema no puede encontrar el archivo especificado
2025-06-25 12:51:01,077 - ERROR - Fallo al crear el dump
2025-06-25 12:53:21,663 - INFO - Iniciando dump programado...
2025-06-25 12:53:21,667 - INFO - Conexión a MySQL exitosa
2025-06-25 12:53:21,685 - ERROR - Error durante el dump: [WinError 2] El sistema no puede encontrar el archivo especificado
2025-06-25 12:53:21,686 - ERROR - Fallo al crear el dump
2025-06-25 12:56:01,304 - INFO - Iniciando dump programado...
2025-06-25 12:56:01,306 - INFO - Conexión a MySQL exitosa
2025-06-25 12:56:01,319 - ERROR - Error durante el dump: [WinError 2] El sistema no puede encontrar el archivo especificado
2025-06-25 12:56:01,319 - ERROR - Fallo al crear el dump
2025-06-25 12:58:21,951 - INFO - Iniciando dump programado...
2025-06-25 12:58:21,954 - INFO - Conexión a MySQL exitosa
2025-06-25 12:58:21,969 - ERROR - Error durante el dump: [WinError 2] El sistema no puede encontrar el archivo especificado
2025-06-25 12:58:21,969 - ERROR - Fallo al crear el dump
2025-06-25 13:01:01,767 - INFO - Iniciando dump programado...
2025-06-25 13:01:01,774 - INFO - Conexión a MySQL exitosa
2025-06-25 13:01:01,790 - ERROR - Error durante el dump: [WinError 2] El sistema no puede encontrar el archivo especificado
2025-06-25 13:01:01,791 - ERROR - Fallo al crear el dump
2025-06-25 13:03:22,340 - INFO - Iniciando dump programado...
2025-06-25 13:03:22,349 - INFO - Conexión a MySQL exitosa
2025-06-25 13:03:22,360 - ERROR - Error durante el dump: [WinError 2] El sistema no puede encontrar el archivo especificado
2025-06-25 13:03:22,361 - ERROR - Fallo al crear el dump
2025-06-25 13:06:02,012 - INFO - Iniciando dump programado...
2025-06-25 13:06:02,023 - INFO - Conexión a MySQL exitosa
2025-06-25 13:06:02,032 - ERROR - Error durante el dump: [WinError 2] El sistema no puede encontrar el archivo especificado
2025-06-25 13:06:02,033 - ERROR - Fallo al crear el dump
2025-06-25 13:08:22,542 - INFO - Iniciando dump programado...
2025-06-25 13:08:22,546 - INFO - Conexión a MySQL exitosa
2025-06-25 13:08:22,563 - ERROR - Error durante el dump: [WinError 2] El sistema no puede encontrar el archivo especificado
2025-06-25 13:08:22,563 - ERROR - Fallo al crear el dump
2025-06-25 13:11:02,234 - INFO - Iniciando dump programado...
2025-06-25 13:11:02,240 - INFO - Conexión a MySQL exitosa
2025-06-25 13:11:02,269 - ERROR - Error durante el dump: [WinError 2] El sistema no puede encontrar el archivo especificado
2025-06-25 13:11:02,270 - ERROR - Fallo al crear el dump
2025-06-25 13:13:22,745 - INFO - Iniciando dump programado...
2025-06-25 13:13:22,753 - INFO - Conexión a MySQL exitosa
2025-06-25 13:13:22,767 - ERROR - Error durante el dump: [WinError 2] El sistema no puede encontrar el archivo especificado
2025-06-25 13:13:22,768 - ERROR - Fallo al crear el dump
2025-06-25 13:16:02,488 - INFO - Iniciando dump programado...
2025-06-25 13:16:02,491 - INFO - Conexión a MySQL exitosa
2025-06-25 13:16:02,508 - ERROR - Error durante el dump: [WinError 2] El sistema no puede encontrar el archivo especificado
2025-06-25 13:16:02,508 - ERROR - Fallo al crear el dump
2025-06-25 13:18:23,005 - INFO - Iniciando dump programado...
2025-06-25 13:18:23,012 - INFO - Conexión a MySQL exitosa
2025-06-25 13:18:23,033 - ERROR - Error durante el dump: [WinError 2] El sistema no puede encontrar el archivo especificado
2025-06-25 13:18:23,033 - ERROR - Fallo al crear el dump
2025-06-25 13:21:02,858 - INFO - Iniciando dump programado...
2025-06-25 13:21:02,860 - INFO - Conexión a MySQL exitosa
2025-06-25 13:21:02,871 - ERROR - Error durante el dump: [WinError 2] El sistema no puede encontrar el archivo especificado
2025-06-25 13:21:02,871 - ERROR - Fallo al crear el dump
2025-06-25 13:23:23,431 - INFO - Iniciando dump programado...
2025-06-25 13:23:23,435 - INFO - Conexión a MySQL exitosa
2025-06-25 13:23:23,457 - ERROR - Error durante el dump: [WinError 2] El sistema no puede encontrar el archivo especificado
2025-06-25 13:23:23,458 - ERROR - Fallo al crear el dump
2025-06-25 13:26:03,142 - INFO - Iniciando dump programado...
2025-06-25 13:26:03,147 - INFO - Conexión a MySQL exitosa
2025-06-25 13:26:03,171 - ERROR - Error durante el dump: [WinError 2] El sistema no puede encontrar el archivo especificado
2025-06-25 13:26:03,174 - ERROR - Fallo al crear el dump
2025-06-25 13:28:23,764 - INFO - Iniciando dump programado...
2025-06-25 13:28:23,770 - INFO - Conexión a MySQL exitosa
2025-06-25 13:28:23,802 - ERROR - Error durante el dump: [WinError 2] El sistema no puede encontrar el archivo especificado
2025-06-25 13:28:23,803 - ERROR - Fallo al crear el dump
2025-06-25 13:31:03,359 - INFO - Iniciando dump programado...
2025-06-25 13:31:03,365 - INFO - Conexión a MySQL exitosa
2025-06-25 13:31:03,401 - ERROR - Error durante el dump: [WinError 2] El sistema no puede encontrar el archivo especificado
2025-06-25 13:31:03,402 - ERROR - Fallo al crear el dump
2025-06-25 13:33:24,163 - INFO - Iniciando dump programado...
2025-06-25 13:33:24,167 - INFO - Conexión a MySQL exitosa
2025-06-25 13:33:24,190 - ERROR - Error durante el dump: [WinError 2] El sistema no puede encontrar el archivo especificado
2025-06-25 13:33:24,191 - ERROR - Fallo al crear el dump
2025-06-25 13:36:03,587 - INFO - Iniciando dump programado...
2025-06-25 13:36:03,591 - INFO - Conexión a MySQL exitosa
2025-06-25 13:36:03,614 - ERROR - Error durante el dump: [WinError 2] El sistema no puede encontrar el archivo especificado
2025-06-25 13:36:03,614 - ERROR - Fallo al crear el dump
2025-06-25 13:38:24,462 - INFO - Iniciando dump programado...
2025-06-25 13:38:24,469 - INFO - Conexión a MySQL exitosa
2025-06-25 13:38:24,498 - ERROR - Error durante el dump: [WinError 2] El sistema no puede encontrar el archivo especificado
2025-06-25 13:38:24,498 - ERROR - Fallo al crear el dump
2025-06-25 13:41:03,857 - INFO - Iniciando dump programado...
2025-06-25 13:41:03,863 - INFO - Conexión a MySQL exitosa
2025-06-25 13:41:03,890 - ERROR - Error durante el dump: [WinError 2] El sistema no puede encontrar el archivo especificado
2025-06-25 13:41:03,891 - ERROR - Fallo al crear el dump
2025-06-25 13:43:24,671 - INFO - Iniciando dump programado...
2025-06-25 13:43:24,675 - INFO - Conexión a MySQL exitosa
2025-06-25 13:43:24,703 - ERROR - Error durante el dump: [WinError 2] El sistema no puede encontrar el archivo especificado
2025-06-25 13:43:24,704 - ERROR - Fallo al crear el dump
2025-06-25 13:46:04,187 - INFO - Iniciando dump programado...
2025-06-25 13:46:04,191 - INFO - Conexión a MySQL exitosa
2025-06-25 13:46:04,213 - ERROR - Error durante el dump: [WinError 2] El sistema no puede encontrar el archivo especificado
2025-06-25 13:46:04,214 - ERROR - Fallo al crear el dump
2025-06-25 13:48:24,886 - INFO - Iniciando dump programado...
2025-06-25 13:48:24,891 - INFO - Conexión a MySQL exitosa
2025-06-25 13:48:24,911 - ERROR - Error durante el dump: [WinError 2] El sistema no puede encontrar el archivo especificado
2025-06-25 13:48:24,912 - ERROR - Fallo al crear el dump
2025-06-25 13:51:04,559 - INFO - Iniciando dump programado...
2025-06-25 13:51:04,562 - INFO - Conexión a MySQL exitosa
2025-06-25 13:51:04,578 - ERROR - Error durante el dump: [WinError 2] El sistema no puede encontrar el archivo especificado
2025-06-25 13:51:04,579 - ERROR - Fallo al crear el dump
2025-06-25 13:53:25,157 - INFO - Iniciando dump programado...
2025-06-25 13:53:25,161 - INFO - Conexión a MySQL exitosa
2025-06-25 13:53:25,176 - ERROR - Error durante el dump: [WinError 2] El sistema no puede encontrar el archivo especificado
2025-06-25 13:53:25,176 - ERROR - Fallo al crear el dump
2025-06-25 13:56:04,771 - INFO - Iniciando dump programado...
2025-06-25 13:56:04,775 - INFO - Conexión a MySQL exitosa
2025-06-25 13:56:04,794 - ERROR - Error durante el dump: [WinError 2] El sistema no puede encontrar el archivo especificado
2025-06-25 13:56:04,795 - ERROR - Fallo al crear el dump
2025-06-25 13:58:25,364 - INFO - Iniciando dump programado...
2025-06-25 13:58:25,371 - INFO - Conexión a MySQL exitosa
2025-06-25 13:58:25,400 - ERROR - Error durante el dump: [WinError 2] El sistema no puede encontrar el archivo especificado
2025-06-25 13:58:25,401 - ERROR - Fallo al crear el dump
2025-06-25 14:01:05,011 - INFO - Iniciando dump programado...
2025-06-25 14:01:05,017 - INFO - Conexión a MySQL exitosa
2025-06-25 14:01:05,034 - ERROR - Error durante el dump: [WinError 2] El sistema no puede encontrar el archivo especificado
2025-06-25 14:01:05,035 - ERROR - Fallo al crear el dump
2025-06-25 14:03:25,684 - INFO - Iniciando dump programado...
2025-06-25 14:03:25,686 - INFO - Conexión a MySQL exitosa
2025-06-25 14:03:25,693 - ERROR - Error durante el dump: [WinError 2] El sistema no puede encontrar el archivo especificado
2025-06-25 14:03:25,693 - ERROR - Fallo al crear el dump
2025-06-25 14:06:05,336 - INFO - Iniciando dump programado...
2025-06-25 14:06:05,338 - INFO - Conexión a MySQL exitosa
2025-06-25 14:06:05,345 - ERROR - Error durante el dump: [WinError 2] El sistema no puede encontrar el archivo especificado
2025-06-25 14:06:05,345 - ERROR - Fallo al crear el dump
2025-06-25 14:08:25,957 - INFO - Iniciando dump programado...
2025-06-25 14:08:25,963 - INFO - Conexión a MySQL exitosa
2025-06-25 14:08:25,993 - ERROR - Error durante el dump: [WinError 2] El sistema no puede encontrar el archivo especificado
2025-06-25 14:08:25,993 - ERROR - Fallo al crear el dump
2025-06-25 14:11:05,541 - INFO - Iniciando dump programado...
2025-06-25 14:11:05,548 - INFO - Conexión a MySQL exitosa
2025-06-25 14:11:05,579 - ERROR - Error durante el dump: [WinError 2] El sistema no puede encontrar el archivo especificado
2025-06-25 14:11:05,580 - ERROR - Fallo al crear el dump
2025-06-25 14:13:26,189 - INFO - Iniciando dump programado...
2025-06-25 14:13:26,199 - INFO - Conexión a MySQL exitosa
2025-06-25 14:13:26,220 - ERROR - Error durante el dump: [WinError 2] El sistema no puede encontrar el archivo especificado
2025-06-25 14:13:26,221 - ERROR - Fallo al crear el dump
2025-06-25 14:16:05,853 - INFO - Iniciando dump programado...
2025-06-25 14:16:05,856 - INFO - Conexión a MySQL exitosa
2025-06-25 14:16:05,866 - ERROR - Error durante el dump: [WinError 2] El sistema no puede encontrar el archivo especificado
2025-06-25 14:16:05,867 - ERROR - Fallo al crear el dump
2025-06-25 14:18:26,400 - INFO - Iniciando dump programado...
2025-06-25 14:18:26,407 - INFO - Conexión a MySQL exitosa
2025-06-25 14:18:26,439 - ERROR - Error durante el dump: [WinError 2] El sistema no puede encontrar el archivo especificado
2025-06-25 14:18:26,441 - ERROR - Fallo al crear el dump
2025-06-25 14:21:06,077 - INFO - Iniciando dump programado...
2025-06-25 14:21:06,081 - INFO - Conexión a MySQL exitosa
2025-06-25 14:21:06,098 - ERROR - Error durante el dump: [WinError 2] El sistema no puede encontrar el archivo especificado
2025-06-25 14:21:06,098 - ERROR - Fallo al crear el dump
2025-06-25 14:23:26,642 - INFO - Iniciando dump programado...
2025-06-25 14:23:26,649 - INFO - Conexión a MySQL exitosa
2025-06-25 14:23:26,678 - ERROR - Error durante el dump: [WinError 2] El sistema no puede encontrar el archivo especificado
2025-06-25 14:23:26,680 - ERROR - Fallo al crear el dump
2025-06-25 14:26:06,283 - INFO - Iniciando dump programado...
2025-06-25 14:26:06,286 - INFO - Conexión a MySQL exitosa
2025-06-25 14:26:06,299 - ERROR - Error durante el dump: [WinError 2] El sistema no puede encontrar el archivo especificado
2025-06-25 14:26:06,300 - ERROR - Fallo al crear el dump
2025-06-25 14:28:26,850 - INFO - Iniciando dump programado...
2025-06-25 14:28:26,857 - INFO - Conexión a MySQL exitosa
2025-06-25 14:28:26,887 - ERROR - Error durante el dump: [WinError 2] El sistema no puede encontrar el archivo especificado
2025-06-25 14:28:26,889 - ERROR - Fallo al crear el dump
